<?xml version="1.0" encoding="UTF-8"?>
<!-- Generated by org.testng.reporters.JUnitReportReporter -->
<testsuite skipped="0" hostname="Andreis-MacBook-Pro.local" name="com.hrms.testcases.AddEmployeeTest" tests="1" failures="0" timestamp="2020-06-09T13:19:08 EDT" time="16.523" errors="0">
  <testcase name="add5Emp" time="16.523" classname="com.hrms.testcases.AddEmployeeTest"/>
  <system-out/>
</testsuite> <!-- com.hrms.testcases.AddEmployeeTest -->
