<?xml version="1.0" encoding="UTF-8"?>
<!-- Generated by org.testng.reporters.JUnitReportReporter -->
<testsuite skipped="0" hostname="Andreis-MacBook-Pro.local" name="com.hrms.testcases.TestNGDemo" tests="3" failures="0" timestamp="2020-05-30T14:14:41 EDT" time="0.007" errors="0">
  <testcase name="c" time="0.001" classname="com.hrms.testcases.TestNGDemo"/>
  <system-out/>
  <testcase name="b" time="0.001" classname="com.hrms.testcases.TestNGDemo"/>
  <system-out/>
  <testcase name="a" time="0.005" classname="com.hrms.testcases.TestNGDemo"/>
  <system-out/>
</testsuite> <!-- com.hrms.testcases.TestNGDemo -->
