<?xml version="1.0" encoding="UTF-8"?>
<!-- Generated by org.testng.reporters.JUnitReportReporter -->
<testsuite skipped="0" hostname="Andreis-MacBook-Pro.local" name="com.hrms.testcases.DefineReportsTest" tests="3" failures="0" timestamp="2020-06-09T13:20:59 EDT" time="44.130" errors="0">
  <testcase name="defineReports" time="15.042" classname="com.hrms.testcases.DefineReportsTest"/>
  <system-out/>
  <testcase name="defineReports" time="13.853" classname="com.hrms.testcases.DefineReportsTest"/>
  <system-out/>
  <testcase name="defineReports" time="15.235" classname="com.hrms.testcases.DefineReportsTest"/>
  <system-out/>
</testsuite> <!-- com.hrms.testcases.DefineReportsTest -->
