<?xml version="1.0" encoding="UTF-8"?>
<!-- Generated by org.testng.reporters.JUnitReportReporter -->
<testsuite skipped="1" hostname="Andreis-MacBook-Pro.local" name="com.hrms.testcases.HW" tests="1" failures="0" timestamp="2020-05-30T15:25:16 EDT" time="0.000" errors="0">
  <testcase name="add5Emp" time="0.000" classname="com.hrms.testcases.HW">
    <skipped/>
  </testcase> <!-- add5Emp -->
  <system-out/>
</testsuite> <!-- com.hrms.testcases.HW -->
